[2024-08-30 17:38:22] [User logged in successfully] [INFO]
[2024-08-30 17:38:22] [Failed login attempt] [WARNING]
[2024-08-30 17:38:22] [System encountered an unexpected error] [ERROR]
[2024-08-30 17:38:22] [Database connection established] [INFO]
[2024-08-30 17:38:22] [Invalid user input detected] [WARNING]
[2024-08-30 17:38:23] [User logged out] [INFO]
[2024-08-30 17:38:23] [File upload failed] [ERROR]
[2024-08-30 17:38:23] [User registration completed] [INFO]
[2024-08-30 17:38:23] [Password reset request received] [INFO]
[2024-08-30 17:38:23] [API request rate limit exceeded] [WARNING]
[2024-08-30 17:38:24] [Service unavailable] [ERROR]
[2024-08-30 17:38:24] [New user added to the system] [INFO]
[2024-08-30 17:38:24] [Session timeout occurred] [WARNING]
[2024-08-30 17:38:24] [Database query executed successfully] [INFO]
[2024-08-30 17:38:24] [Failed to connect to the email server] [ERROR]
[2024-08-30 17:38:25] [User profile updated] [INFO]
[2024-08-30 17:38:25] [Missing required fields in form submission] [WARNING]
[2024-08-30 17:38:25] [User account locked due to multiple failed login attempts] [ERROR]
[2024-08-30 17:38:25] [Data export completed] [INFO]
[2024-08-30 17:38:25] [Unauthorized access attempt detected] [WARNING]
[2024-08-30 17:38:26] [System configuration updated] [INFO]
[2024-08-30 17:38:26] [File not found] [ERROR]
[2024-08-30 17:38:26] [User password changed] [INFO]
[2024-08-30 17:38:26] [Invalid email address format] [WARNING]
[2024-08-30 17:38:26] [Scheduled backup completed] [INFO]
[2024-08-30 17:38:27] [Service response time exceeded threshold] [WARNING]
[2024-08-30 17:38:27] [Error while processing payment] [ERROR]
[2024-08-30 17:38:27] [User profile picture updated] [INFO]
[2024-08-30 17:38:27] [Failed to load user preferences] [ERROR]
[2024-08-30 17:38:27] [New software update available] [INFO]
[2024-08-30 17:38:28] [Session token expired] [WARNING]
[2024-08-30 17:38:28] [User consent received] [INFO]
[2024-08-30 17:38:28] [Database backup failed] [ERROR]
[2024-08-30 17:38:28] [Password strength validation passed] [INFO]
[2024-08-30 17:38:28] [Unexpected API response format] [WARNING]
[2024-08-30 17:38:29] [Error during file processing] [ERROR]
[2024-08-30 17:38:29] [User preferences saved] [INFO]
[2024-08-30 17:38:29] [Email notification sent] [INFO]
[2024-08-30 17:38:29] [System maintenance scheduled] [WARNING]
[2024-08-30 17:38:29] [Failed to retrieve external data] [ERROR]
[2024-08-30 17:38:30] [New user login detected] [INFO]
[2024-08-30 17:38:30] [API endpoint deprecated] [WARNING]
[2024-08-30 17:38:30] [Application started] [INFO]
[2024-08-30 17:38:30] [Error during configuration load] [ERROR]
[2024-08-30 17:38:30] [User role updated] [INFO]
[2024-08-30 17:38:31] [System resource limit reached] [WARNING]
[2024-08-30 17:38:31] [Application shutdown initiated] [INFO]
[2024-08-30 17:38:31] [Critical system error encountered] [ERROR]
[2024-08-30 17:38:50] [User logged in successfully] [INFO]
[2024-08-30 17:38:51] [Failed login attempt] [WARNING]
[2024-08-30 17:38:51] [System encountered an unexpected error] [ERROR]
[2024-08-30 17:38:51] [Database connection established] [INFO]
[2024-08-30 17:38:52] [Invalid user input detected] [WARNING]
[2024-08-30 17:38:52] [User logged out] [INFO]
[2024-08-30 17:38:54] [User logged in successfully] [INFO]
[2024-08-30 17:38:54] [Failed login attempt] [WARNING]
[2024-08-30 17:38:54] [System encountered an unexpected error] [ERROR]
[2024-08-30 17:38:55] [Database connection established] [INFO]
[2024-08-30 17:38:55] [Invalid user input detected] [WARNING]
[2024-08-30 17:38:55] [User logged out] [INFO]
[2024-08-30 17:38:55] [File upload failed] [ERROR]
[2024-08-30 17:38:55] [User registration completed] [INFO]
[2024-08-30 17:38:55] [Password reset request received] [INFO]
[2024-08-30 17:38:55] [API request rate limit exceeded] [WARNING]
[2024-08-30 17:38:55] [Service unavailable] [ERROR]
[2024-08-30 17:38:55] [New user added to the system] [INFO]
[2024-08-30 17:38:56] [Session timeout occurred] [WARNING]
[2024-08-30 17:38:56] [Database query executed successfully] [INFO]
[2024-08-30 17:38:56] [Failed to connect to the email server] [ERROR]
[2024-08-30 17:38:56] [User profile updated] [INFO]
[2024-08-30 17:38:56] [Missing required fields in form submission] [WARNING]
[2024-08-30 17:38:56] [User account locked due to multiple failed login attempts] [ERROR]
[2024-08-30 17:38:56] [Data export completed] [INFO]
[2024-08-30 17:38:56] [Unauthorized access attempt detected] [WARNING]
[2024-08-30 17:38:57] [System configuration updated] [INFO]
[2024-08-30 17:38:57] [File not found] [ERROR]
[2024-08-30 17:38:57] [User password changed] [INFO]
[2024-08-30 17:38:57] [Invalid email address format] [WARNING]
[2024-08-30 17:38:57] [Scheduled backup completed] [INFO]
[2024-08-30 17:38:57] [Service response time exceeded threshold] [WARNING]
[2024-08-30 17:38:57] [Error while processing payment] [ERROR]
[2024-08-30 17:38:57] [User profile picture updated] [INFO]
[2024-08-30 17:38:57] [Failed to load user preferences] [ERROR]
[2024-08-30 17:38:58] [New software update available] [INFO]
[2024-08-30 17:38:58] [Session token expired] [WARNING]
[2024-08-30 17:38:58] [User consent received] [INFO]
[2024-08-30 17:38:58] [Database backup failed] [ERROR]
[2024-08-30 17:38:58] [Password strength validation passed] [INFO]
[2024-08-30 17:38:58] [Unexpected API response format] [WARNING]
[2024-08-30 17:38:58] [Error during file processing] [ERROR]
[2024-08-30 17:38:58] [User preferences saved] [INFO]
[2024-08-30 17:38:58] [Email notification sent] [INFO]
[2024-08-30 17:38:59] [System maintenance scheduled] [WARNING]
[2024-08-30 17:38:59] [Failed to retrieve external data] [ERROR]
[2024-08-30 17:38:59] [New user login detected] [INFO]
[2024-08-30 17:38:59] [API endpoint deprecated] [WARNING]
[2024-08-30 17:38:59] [Application started] [INFO]
[2024-08-30 17:38:59] [Error during configuration load] [ERROR]
[2024-08-30 17:38:59] [User role updated] [INFO]
[2024-08-30 17:38:59] [System resource limit reached] [WARNING]
[2024-08-30 17:39:00] [Application shutdown initiated] [INFO]
[2024-08-30 17:39:00] [Critical system error encountered] [ERROR]
[2024-08-30 18:21:41] [User logged in successfully] [INFO]
[2024-08-30 18:21:42] [Failed login attempt] [WARNING]
[2024-08-30 18:21:42] [System encountered an unexpected error] [ERROR]
[2024-08-30 18:21:42] [Database connection established] [INFO]
[2024-08-30 18:21:42] [Invalid user input detected] [WARNING]
[2024-08-30 18:21:43] [User logged out] [INFO]
[2024-08-30 18:21:43] [File upload failed] [ERROR]
[2024-08-30 18:21:43] [User registration completed] [INFO]
[2024-08-30 18:21:43] [Password reset request received] [INFO]
[2024-08-30 18:21:44] [API request rate limit exceeded] [WARNING]
[2024-08-30 18:21:44] [Service unavailable] [ERROR]
[2024-08-30 18:21:44] [New user added to the system] [INFO]
[2024-08-30 18:21:44] [Session timeout occurred] [WARNING]
[2024-08-30 18:21:44] [Database query executed successfully] [INFO]
[2024-08-30 18:21:45] [Failed to connect to the email server] [ERROR]
[2024-08-30 18:21:45] [User profile updated] [INFO]
[2024-08-30 18:21:45] [Missing required fields in form submission] [WARNING]
[2024-08-30 18:21:45] [User account locked due to multiple failed login attempts] [ERROR]
[2024-08-30 18:21:46] [Data export completed] [INFO]
[2024-08-30 18:21:46] [Unauthorized access attempt detected] [WARNING]
[2024-08-30 18:21:46] [System configuration updated] [INFO]
[2024-08-30 18:21:46] [File not found] [ERROR]
[2024-08-30 18:21:47] [User password changed] [INFO]
[2024-08-30 18:21:47] [Invalid email address format] [WARNING]
[2024-08-30 18:21:47] [Scheduled backup completed] [INFO]
[2024-08-30 18:21:47] [Service response time exceeded threshold] [WARNING]
[2024-08-30 18:21:48] [Error while processing payment] [ERROR]
[2024-08-30 18:21:48] [User profile picture updated] [INFO]
[2024-08-30 18:21:48] [Failed to load user preferences] [ERROR]
[2024-08-30 18:21:48] [New software update available] [INFO]
[2024-08-30 18:21:48] [Session token expired] [WARNING]
[2024-08-30 18:21:49] [User consent received] [INFO]
[2024-08-30 18:21:49] [Database backup failed] [ERROR]
[2024-08-30 18:21:49] [Password strength validation passed] [INFO]
[2024-08-30 18:21:49] [Unexpected API response format] [WARNING]
[2024-08-30 18:21:50] [Error during file processing] [ERROR]
[2024-08-30 18:21:50] [User preferences saved] [INFO]
[2024-08-30 18:21:50] [Email notification sent] [INFO]
[2024-08-30 18:21:50] [System maintenance scheduled] [WARNING]
[2024-08-30 18:21:51] [Failed to retrieve external data] [ERROR]
[2024-08-30 18:21:51] [New user login detected] [INFO]
[2024-08-30 18:21:51] [API endpoint deprecated] [WARNING]
[2024-08-30 18:21:51] [Application started] [INFO]
[2024-08-30 18:21:52] [Error during configuration load] [ERROR]
[2024-08-30 18:21:52] [User role updated] [INFO]
[2024-08-30 18:21:52] [System resource limit reached] [WARNING]
[2024-08-30 18:21:52] [Application shutdown initiated] [INFO]
[2024-08-30 18:21:52] [Critical system error encountered] [ERROR]
